<?xml version="1.0" encoding="UTF-8"?>
<testsuite name="com.multithreading.service.AsyncAnnotationServiceTest" tests="1" skipped="0" failures="0" errors="0" timestamp="2020-05-03T04:48:21" hostname="chenyouhongde.local" time="5.432">
  <properties/>
  <testcase name="asyncTest" classname="com.multithreading.service.AsyncAnnotationServiceTest" time="5.432"/>
  <system-out><![CDATA[12:48:12.930 [Test worker] DEBUG org.springframework.test.context.junit4.SpringJUnit4ClassRunner - SpringJUnit4ClassRunner constructor called with [class com.multithreading.service.AsyncAnnotationServiceTest]
12:48:12.958 [Test worker] DEBUG org.springframework.test.context.BootstrapUtils - Instantiating CacheAwareContextLoaderDelegate from class [org.springframework.test.context.cache.DefaultCacheAwareContextLoaderDelegate]
12:48:12.984 [Test worker] DEBUG org.springframework.test.context.BootstrapUtils - Instantiating BootstrapContext using constructor [public org.springframework.test.context.support.DefaultBootstrapContext(java.lang.Class,org.springframework.test.context.CacheAwareContextLoaderDelegate)]
12:48:13.097 [Test worker] DEBUG org.springframework.test.context.BootstrapUtils - Instantiating TestContextBootstrapper for test class [com.multithreading.service.AsyncAnnotationServiceTest] from class [org.springframework.boot.test.context.SpringBootTestContextBootstrapper]
12:48:13.188 [Test worker] INFO org.springframework.boot.test.context.SpringBootTestContextBootstrapper - Neither @ContextConfiguration nor @ContextHierarchy found for test class [com.multithreading.service.AsyncAnnotationServiceTest], using SpringBootContextLoader
12:48:13.199 [Test worker] DEBUG org.springframework.test.context.support.AbstractContextLoader - Did not detect default resource location for test class [com.multithreading.service.AsyncAnnotationServiceTest]: class path resource [com/multithreading/service/AsyncAnnotationServiceTest-context.xml] does not exist
12:48:13.200 [Test worker] DEBUG org.springframework.test.context.support.AbstractContextLoader - Did not detect default resource location for test class [com.multithreading.service.AsyncAnnotationServiceTest]: class path resource [com/multithreading/service/AsyncAnnotationServiceTestContext.groovy] does not exist
12:48:13.202 [Test worker] INFO org.springframework.test.context.support.AbstractContextLoader - Could not detect default resource locations for test class [com.multithreading.service.AsyncAnnotationServiceTest]: no resource found for suffixes {-context.xml, Context.groovy}.
12:48:13.351 [Test worker] DEBUG org.springframework.test.context.support.ActiveProfilesUtils - Could not find an 'annotation declaring class' for annotation type [org.springframework.test.context.ActiveProfiles] and class [com.multithreading.service.AsyncAnnotationServiceTest]
12:48:13.736 [Test worker] DEBUG org.springframework.boot.test.context.SpringBootTestContextBootstrapper - @TestExecutionListeners is not present for class [com.multithreading.service.AsyncAnnotationServiceTest]: using defaults.
12:48:13.741 [Test worker] INFO org.springframework.boot.test.context.SpringBootTestContextBootstrapper - Loaded default TestExecutionListener class names from location [META-INF/spring.factories]: [org.springframework.boot.test.autoconfigure.restdocs.RestDocsTestExecutionListener, org.springframework.boot.test.autoconfigure.web.client.MockRestServiceServerResetTestExecutionListener, org.springframework.boot.test.autoconfigure.web.servlet.MockMvcPrintOnlyOnFailureTestExecutionListener, org.springframework.boot.test.autoconfigure.web.servlet.WebDriverTestExecutionListener, org.springframework.boot.test.mock.mockito.MockitoTestExecutionListener, org.springframework.boot.test.mock.mockito.ResetMocksTestExecutionListener, org.springframework.test.context.web.ServletTestExecutionListener, org.springframework.test.context.support.DirtiesContextBeforeModesTestExecutionListener, org.springframework.test.context.support.DependencyInjectionTestExecutionListener, org.springframework.test.context.support.DirtiesContextTestExecutionListener, org.springframework.test.context.transaction.TransactionalTestExecutionListener, org.springframework.test.context.jdbc.SqlScriptsTestExecutionListener, org.springframework.test.context.event.EventPublishingTestExecutionListener]
12:48:13.803 [Test worker] DEBUG org.springframework.boot.test.context.SpringBootTestContextBootstrapper - Skipping candidate TestExecutionListener [org.springframework.test.context.transaction.TransactionalTestExecutionListener] due to a missing dependency. Specify custom listener classes or make the default listener classes and their required dependencies available. Offending class: [org/springframework/transaction/interceptor/TransactionAttributeSource]
12:48:13.805 [Test worker] DEBUG org.springframework.boot.test.context.SpringBootTestContextBootstrapper - Skipping candidate TestExecutionListener [org.springframework.test.context.jdbc.SqlScriptsTestExecutionListener] due to a missing dependency. Specify custom listener classes or make the default listener classes and their required dependencies available. Offending class: [org/springframework/transaction/interceptor/TransactionAttribute]
12:48:13.808 [Test worker] INFO org.springframework.boot.test.context.SpringBootTestContextBootstrapper - Using TestExecutionListeners: [org.springframework.test.context.web.ServletTestExecutionListener@71e52b65, org.springframework.test.context.support.DirtiesContextBeforeModesTestExecutionListener@a8d6197, org.springframework.boot.test.mock.mockito.MockitoTestExecutionListener@1366a809, org.springframework.boot.test.autoconfigure.SpringBootDependencyInjectionTestExecutionListener@3a1dcf1b, org.springframework.test.context.support.DirtiesContextTestExecutionListener@627b653e, org.springframework.test.context.event.EventPublishingTestExecutionListener@39b313f, org.springframework.boot.test.autoconfigure.restdocs.RestDocsTestExecutionListener@259bf7a5, org.springframework.boot.test.autoconfigure.web.client.MockRestServiceServerResetTestExecutionListener@71aa811a, org.springframework.boot.test.autoconfigure.web.servlet.MockMvcPrintOnlyOnFailureTestExecutionListener@48414884, org.springframework.boot.test.autoconfigure.web.servlet.WebDriverTestExecutionListener@12898a7a, org.springframework.boot.test.mock.mockito.ResetMocksTestExecutionListener@68557151]
12:48:13.841 [Test worker] DEBUG org.springframework.test.annotation.ProfileValueUtils - Retrieved @ProfileValueSourceConfiguration [null] for test class [com.multithreading.service.AsyncAnnotationServiceTest]
12:48:13.853 [Test worker] DEBUG org.springframework.test.annotation.ProfileValueUtils - Retrieved ProfileValueSource type [class org.springframework.test.annotation.SystemProfileValueSource] for class [com.multithreading.service.AsyncAnnotationServiceTest]
12:48:13.881 [Test worker] DEBUG org.springframework.test.annotation.ProfileValueUtils - Retrieved @ProfileValueSourceConfiguration [null] for test class [com.multithreading.service.AsyncAnnotationServiceTest]
12:48:13.881 [Test worker] DEBUG org.springframework.test.annotation.ProfileValueUtils - Retrieved ProfileValueSource type [class org.springframework.test.annotation.SystemProfileValueSource] for class [com.multithreading.service.AsyncAnnotationServiceTest]
12:48:13.887 [Test worker] DEBUG org.springframework.test.annotation.ProfileValueUtils - Retrieved @ProfileValueSourceConfiguration [null] for test class [com.multithreading.service.AsyncAnnotationServiceTest]
12:48:13.890 [Test worker] DEBUG org.springframework.test.annotation.ProfileValueUtils - Retrieved ProfileValueSource type [class org.springframework.test.annotation.SystemProfileValueSource] for class [com.multithreading.service.AsyncAnnotationServiceTest]
12:48:13.925 [Test worker] DEBUG org.springframework.test.context.support.AbstractDirtiesContextTestExecutionListener - Before test class: context [DefaultTestContext@58266121 testClass = AsyncAnnotationServiceTest, testInstance = [null], testMethod = [null], testException = [null], mergedContextConfiguration = [WebMergedContextConfiguration@3cf3d20e testClass = AsyncAnnotationServiceTest, locations = '{}', classes = '{class com.multithreading.SpringbootDemoApplication, class com.multithreading.SpringbootDemoApplication}', contextInitializerClasses = '[]', activeProfiles = '{}', propertySourceLocations = '{}', propertySourceProperties = '{org.springframework.boot.test.context.SpringBootTestContextBootstrapper=true}', contextCustomizers = set[org.springframework.boot.test.autoconfigure.properties.PropertyMappingContextCustomizer@0, org.springframework.boot.test.autoconfigure.web.servlet.WebDriverContextCustomizerFactory$Customizer@7058a1ea, org.springframework.boot.test.context.filter.ExcludeFilterContextCustomizer@16393e09, org.springframework.boot.test.json.DuplicateJsonObjectContextCustomizerFactory$DuplicateJsonObjectContextCustomizer@7a9f7385, org.springframework.boot.test.mock.mockito.MockitoContextCustomizer@0, org.springframework.boot.test.web.client.TestRestTemplateContextCustomizer@73fd3d0d], resourceBasePath = 'src/main/webapp', contextLoader = 'org.springframework.boot.test.context.SpringBootContextLoader', parent = [null]], attributes = map['org.springframework.test.context.web.ServletTestExecutionListener.activateListener' -> true]], class annotated with @DirtiesContext [false] with mode [null].
12:48:13.934 [Test worker] DEBUG org.springframework.test.annotation.ProfileValueUtils - Retrieved @ProfileValueSourceConfiguration [null] for test class [com.multithreading.service.AsyncAnnotationServiceTest]
12:48:13.936 [Test worker] DEBUG org.springframework.test.annotation.ProfileValueUtils - Retrieved ProfileValueSource type [class org.springframework.test.annotation.SystemProfileValueSource] for class [com.multithreading.service.AsyncAnnotationServiceTest]
12:48:14.017 [Test worker] DEBUG org.springframework.test.context.support.TestPropertySourceUtils - Adding inlined properties to environment: {spring.jmx.enabled=false, org.springframework.boot.test.context.SpringBootTestContextBootstrapper=true, server.port=-1}

  .   ____          _            __ _ _
 /\\ / ___'_ __ _ _(_)_ __  __ _ \ \ \ \
( ( )\___ | '_ | '_| | '_ \/ _` | \ \ \ \
 \\/  ___)| |_)| | | | | || (_| |  ) ) ) )
  '  |____| .__|_| |_|_| |_\__, | / / / /
 =========|_|==============|___/=/_/_/_/
 :: Spring Boot ::        (v2.2.5.RELEASE)

2020-05-03 12:48:15.598  INFO 9628 --- [    Test worker] c.m.service.AsyncAnnotationServiceTest   : Starting AsyncAnnotationServiceTest on chenyouhongde.local with PID 9628 (started by PC in /Users/PC/Desktop/firm/multithreading)
2020-05-03 12:48:15.604  INFO 9628 --- [    Test worker] c.m.service.AsyncAnnotationServiceTest   : No active profile set, falling back to default profiles: default
2020-05-03 12:48:18.446  INFO 9628 --- [    Test worker] o.s.s.concurrent.ThreadPoolTaskExecutor  : Initializing ExecutorService
2020-05-03 12:48:18.470  INFO 9628 --- [    Test worker] o.s.s.concurrent.ThreadPoolTaskExecutor  : Initializing ExecutorService 'mySimpleAsync'
2020-05-03 12:48:18.479  INFO 9628 --- [    Test worker] o.s.s.concurrent.ThreadPoolTaskExecutor  : Initializing ExecutorService
2020-05-03 12:48:18.484  INFO 9628 --- [    Test worker] o.s.s.concurrent.ThreadPoolTaskExecutor  : Initializing ExecutorService 'myAsync'
2020-05-03 12:48:18.486  INFO 9628 --- [    Test worker] cConfig$$EnhancerBySpringCGLIB$$920cefbd : =========初始化AsyncExecutor=========
2020-05-03 12:48:18.486  INFO 9628 --- [    Test worker] cConfig$$EnhancerBySpringCGLIB$$920cefbd : corePoolSize:10
2020-05-03 12:48:18.490  INFO 9628 --- [    Test worker] cConfig$$EnhancerBySpringCGLIB$$920cefbd : maxPoolSize:15
2020-05-03 12:48:18.490  INFO 9628 --- [    Test worker] cConfig$$EnhancerBySpringCGLIB$$920cefbd : queueCapacity:50
2020-05-03 12:48:18.490  INFO 9628 --- [    Test worker] cConfig$$EnhancerBySpringCGLIB$$920cefbd : keepAliveSeconds:600
2020-05-03 12:48:18.495  INFO 9628 --- [    Test worker] o.s.s.concurrent.ThreadPoolTaskExecutor  : Initializing ExecutorService 'taskExecutor'
2020-05-03 12:48:20.979  INFO 9628 --- [    Test worker] c.m.service.AsyncAnnotationServiceTest   : Started AsyncAnnotationServiceTest in 6.895 seconds (JVM running for 10.046)
1588481302056
--------start work------TaskExecutor-3
--------start work------TaskExecutor-4
--------start work------TaskExecutor-2
--------start work------TaskExecutor-1
-------end work----------
-------end work----------
-------end work----------
-------end work----------
------------------------h1,h2,h3,h4,
4452
]]></system-out>
  <system-err><![CDATA[]]></system-err>
</testsuite>
